  PDE2.cpp
c:\users\minea\source\repos\pde2\pde2\pde2.cpp(59): warning C4244: аргумент: преобразование "float" в "int", возможна потеря данных
c:\users\minea\source\repos\pde2\pde2\pde2.cpp(62): warning C4244: аргумент: преобразование "float" в "int", возможна потеря данных
c:\users\minea\source\repos\pde2\pde2\pde2.cpp(130): warning C4018: <: несоответствие типов со знаком и без знака
c:\users\minea\source\repos\pde2\pde2\pde2.cpp(138): warning C4018: <: несоответствие типов со знаком и без знака
c:\users\minea\source\repos\pde2\pde2\pde2.cpp(182): warning C4018: >=: несоответствие типов со знаком и без знака
c:\users\minea\source\repos\pde2\pde2\pde2.cpp(192): warning C4018: >=: несоответствие типов со знаком и без знака
c:\users\minea\source\repos\pde2\pde2\pde2.cpp(233): warning C4018: <: несоответствие типов со знаком и без знака
c:\users\minea\source\repos\pde2\pde2\pde2.cpp(234): warning C4018: <: несоответствие типов со знаком и без знака
c:\users\minea\source\repos\pde2\pde2\pde2.cpp(325): warning C4244: =: преобразование "float" в "int", возможна потеря данных
c:\users\minea\source\repos\pde2\pde2\pde2.cpp(328): warning C4244: =: преобразование "float" в "int", возможна потеря данных
c:\users\minea\source\repos\pde2\pde2\pde2.cpp(386): warning C4244: инициализация: преобразование "double" в "float", возможна потеря данных
c:\users\minea\source\repos\pde2\pde2\pde2.cpp(387): warning C4244: инициализация: преобразование "double" в "float", возможна потеря данных
c:\users\minea\source\repos\pde2\pde2\pde2.cpp(388): warning C4244: инициализация: преобразование "double" в "float", возможна потеря данных
c:\users\minea\source\repos\pde2\pde2\pde2.cpp(389): warning C4244: инициализация: преобразование "double" в "float", возможна потеря данных
c:\users\minea\source\repos\pde2\pde2\pde2.cpp(390): warning C4244: инициализация: преобразование "double" в "float", возможна потеря данных
c:\users\minea\source\repos\pde2\pde2\pde2.cpp(391): warning C4244: инициализация: преобразование "double" в "float", возможна потеря данных
c:\users\minea\source\repos\pde2\pde2\pde2.cpp(392): warning C4244: инициализация: преобразование "double" в "float", возможна потеря данных
c:\users\minea\source\repos\pde2\pde2\pde2.cpp(393): warning C4244: инициализация: преобразование "double" в "float", возможна потеря данных
c:\users\minea\source\repos\pde2\pde2\pde2.cpp(394): warning C4244: инициализация: преобразование "double" в "float", возможна потеря данных
c:\users\minea\source\repos\pde2\pde2\pde2.cpp(395): warning C4244: инициализация: преобразование "double" в "float", возможна потеря данных
c:\users\minea\source\repos\pde2\pde2\pde2.cpp(426): warning C4305: инициализация: усечение из "double" в "float"
c:\users\minea\source\repos\pde2\pde2\pde2.cpp(428): warning C4244: инициализация: преобразование "float" в "int", возможна потеря данных
c:\users\minea\source\repos\pde2\pde2\pde2.cpp(480): warning C4244: аргумент: преобразование "int" в "float", возможна потеря данных
c:\users\minea\source\repos\pde2\pde2\pde2.cpp(548): warning C4244: аргумент: преобразование "int" в "float", возможна потеря данных
  Создание кода
  1 of 1383 functions (<0.1%) were compiled, the rest were copied from previous compilation.
    0 functions were new in current compilation
    3 functions had inline decision re-evaluated but remain unchanged
  Создание кода завершено
  PDE2.vcxproj -> C:\Users\minea\source\repos\PDE2\Release\PDE2.exe
